modules/expo-thermal-printer/android/build/intermediates/manifest_merge_blame_file/debug/processDebugManifest/manifest-merger-blame-debug-report.txt
1<?xml version="1.0" encoding="utf-8"?>
2<manifest xmlns:android="http://schemas.android.com/apk/res/android"
3    package="expo.modules.thermalprinter" >
4
5    <uses-sdk android:minSdkVersion="24" />
6
7    <uses-permission
7-->src/main/AndroidManifest.xml:2:3-93
8        android:name="android.permission.BLUETOOTH"
8-->src/main/AndroidManifest.xml:2:20-63
9        android:maxSdkVersion="30" />
9-->src/main/AndroidManifest.xml:2:64-90
10    <uses-permission
10-->src/main/AndroidManifest.xml:3:3-99
11        android:name="android.permission.BLUETOOTH_ADMIN"
11-->src/main/AndroidManifest.xml:3:20-69
12        android:maxSdkVersion="30" />
12-->src/main/AndroidManifest.xml:3:70-96
13    <uses-permission android:name="android.permission.BLUETOOTH_CONNECT" />
13-->src/main/AndroidManifest.xml:4:3-74
13-->src/main/AndroidManifest.xml:4:20-71
14    <uses-permission android:name="android.permission.BLUETOOTH_SCAN" />
14-->src/main/AndroidManifest.xml:5:3-71
14-->src/main/AndroidManifest.xml:5:20-68
15    <uses-permission android:name="android.permission.ACCESS_FINE_LOCATION" />
15-->src/main/AndroidManifest.xml:6:3-77
15-->src/main/AndroidManifest.xml:6:20-74
16
17</manifest>